[0mGET /hotel [36m304[0m 17.962 ms - -[0m
[0mGET /css/bootstrap.min.css [36m304[0m 5.710 ms - -[0m
[0mGET /css/styles.css [36m304[0m 4.996 ms - -[0m
[0mGET /js/bootstrap.min.js [36m304[0m 0.819 ms - -[0m
[0mGET /fonts/glyphicons-halflings-regular.woff [33m404[0m 3.747 ms - 178[0m
[0mGET /fonts/glyphicons-halflings-regular.ttf [33m404[0m 2.690 ms - 177[0m
[0mGET /city [36m304[0m 6.222 ms - -[0m
[0mGET /css/bootstrap.min.css [36m304[0m 2.211 ms - -[0m
[0mGET /js/bootstrap.min.js [36m304[0m 3.864 ms - -[0m
[0mGET /css/styles.css [36m304[0m 4.009 ms - -[0m
[0mGET /fonts/glyphicons-halflings-regular.woff [33m404[0m 1.670 ms - 178[0m
[0mGET /fonts/glyphicons-halflings-regular.ttf [33m404[0m 1.385 ms - 177[0m
[0mGET / [36m304[0m 4.711 ms - -[0m
[0mGET /css/bootstrap.min.css [36m304[0m 1.601 ms - -[0m
[0mGET /css/styles.css [36m304[0m 1.751 ms - -[0m
[0mGET /js/bootstrap.min.js [36m304[0m 1.368 ms - -[0m
[0mGET /fonts/glyphicons-halflings-regular.woff [33m404[0m 2.357 ms - 178[0m
[0mGET /fonts/glyphicons-halflings-regular.ttf [33m404[0m 1.098 ms - 177[0m
[0mGET / [32m200[0m 27.987 ms - 4747[0m
[0mGET /css/bootstrap.min.css [32m200[0m 8.909 ms - 109518[0m
[0mGET /css/styles.css [36m304[0m 4.726 ms - -[0m
[0mGET /js/bootstrap.min.js [32m200[0m 1.519 ms - 31819[0m
[0mGET /fonts/glyphicons-halflings-regular.woff [33m404[0m 6.458 ms - 178[0m
[0mGET /fonts/glyphicons-halflings-regular.ttf [33m404[0m 3.035 ms - 177[0m
[0mGET /hotel [32m200[0m 115.156 ms - 18748[0m
[0mGET /css/styles.css [36m304[0m 2.608 ms - -[0m
[0mGET /css/bootstrap.min.css [36m304[0m 2.458 ms - -[0m
[0mGET /js/bootstrap.min.js [36m304[0m 0.893 ms - -[0m
[0mGET /css/bootstrap.min.css [36m304[0m 1.912 ms - -[0m
[0mGET /css/styles.css [36m304[0m 1.338 ms - -[0m
[0mGET /js/bootstrap.min.js [36m304[0m 0.700 ms - -[0m
[0mGET /fonts/glyphicons-halflings-regular.woff [33m404[0m 0.947 ms - 178[0m
[0mGET /fonts/glyphicons-halflings-regular.ttf [33m404[0m 1.496 ms - 177[0m
[0mGET /hotel [32m200[0m 132.419 ms - 19042[0m
[0mGET /css/bootstrap.min.css [36m304[0m 1.799 ms - -[0m
[0mGET /css/styles.css [36m304[0m 1.484 ms - -[0m
[0mGET /js/bootstrap.min.js [36m304[0m 0.723 ms - -[0m
[0mGET /fonts/glyphicons-halflings-regular.woff [33m404[0m 1.437 ms - 178[0m
[0mGET /fonts/glyphicons-halflings-regular.ttf [33m404[0m 1.065 ms - 177[0m
[0mGET /hotel/details/6360 [33m404[0m 0.902 ms - 157[0m
[0mGET /hotel/details/553 [33m404[0m 1.357 ms - 156[0m
[0mGET /hotel/details/2008 [33m404[0m 1.324 ms - 157[0m
[0mGET /hotel/details/6360 [32m200[0m 151.773 ms - 5788[0m
[0mGET /hotel/details/css/bootstrap.min.css [33m404[0m 4.527 ms - 174[0m
[0mGET /hotel/details/css/styles.css [33m404[0m 12.404 ms - 167[0m
[0mGET /hotel/details/js/bootstrap.min.js [33m404[0m 3.031 ms - 172[0m
[0mGET /hotel/details/js/bootstrap.min.js [33m404[0m 1.677 ms - 172[0m
[0mGET /hotel/details/6360 [32m200[0m 17.778 ms - 5790[0m
[0mGET /css/bootstrap.min.css [36m304[0m 2.643 ms - -[0m
[0mGET /css/styles.css [36m304[0m 0.835 ms - -[0m
[0mGET /hotel/details/js/bootstrap.min.js [33m404[0m 1.226 ms - 172[0m
[0mGET /hotel/details/js/bootstrap.min.js [33m404[0m 1.189 ms - 172[0m
[0mGET /fonts/glyphicons-halflings-regular.woff [33m404[0m 2.076 ms - 178[0m
[0mGET /fonts/glyphicons-halflings-regular.ttf [33m404[0m 1.353 ms - 177[0m
[0mGET /hotel/details/6360 [32m200[0m 16.986 ms - 5794[0m
[0mGET /css/bootstrap.min.css [36m304[0m 1.035 ms - -[0m
[0mGET /css/styles.css [36m304[0m 0.897 ms - -[0m
[0mGET /hotel/details/js/bootstrap.min.js [33m404[0m 1.421 ms - 172[0m
[0mGET /hotel/details/js/bootstrap.min.js [33m404[0m 2.450 ms - 172[0m
[0mGET /fonts/glyphicons-halflings-regular.woff [33m404[0m 4.804 ms - 178[0m
[0mGET /fonts/glyphicons-halflings-regular.ttf [33m404[0m 2.062 ms - 177[0m
[0mGET /hotel [36m304[0m 31.630 ms - -[0m
[0mGET /css/bootstrap.min.css [36m304[0m 1.247 ms - -[0m
[0mGET /css/styles.css [36m304[0m 0.926 ms - -[0m
[0mGET /js/bootstrap.min.js [36m304[0m 1.076 ms - -[0m
[0mGET /fonts/glyphicons-halflings-regular.woff [33m404[0m 0.932 ms - 178[0m
[0mGET /fonts/glyphicons-halflings-regular.ttf [33m404[0m 1.439 ms - 177[0m
[0mGET /hotel/details/553 [32m200[0m 27.692 ms - 5803[0m
[0mGET /css/bootstrap.min.css [36m304[0m 4.333 ms - -[0m
[0mGET /css/styles.css [36m304[0m 4.591 ms - -[0m
[0mGET /hotel/details/js/bootstrap.min.js [33m404[0m 7.147 ms - 172[0m
[0mGET /hotel/details/js/bootstrap.min.js [33m404[0m 1.261 ms - 172[0m
[0mGET /fonts/glyphicons-halflings-regular.woff [33m404[0m 2.155 ms - 178[0m
[0mGET /fonts/glyphicons-halflings-regular.ttf [33m404[0m 2.619 ms - 177[0m
[0mGET /hotel/details/553 [36m304[0m 96.679 ms - -[0m
[0mGET /css/bootstrap.min.css [36m304[0m 3.770 ms - -[0m
[0mGET /css/styles.css [36m304[0m 4.204 ms - -[0m
[0mGET /hotel/details/js/bootstrap.min.js [33m404[0m 2.806 ms - 172[0m
[0mGET /hotel/details/js/bootstrap.min.js [33m404[0m 1.044 ms - 172[0m
[0mGET /fonts/glyphicons-halflings-regular.woff [33m404[0m 1.812 ms - 178[0m
[0mGET /fonts/glyphicons-halflings-regular.ttf [33m404[0m 0.845 ms - 177[0m
[0mGET / [32m200[0m 3.239 ms - 4673[0m
[0mGET /css/bootstrap.min.css [36m304[0m 0.954 ms - -[0m
[0mGET /css/styles.css [36m304[0m 1.390 ms - -[0m
[0mGET /js/bootstrap.min.js [36m304[0m 1.261 ms - -[0m
[0mGET /fonts/glyphicons-halflings-regular.woff [33m404[0m 1.022 ms - 178[0m
[0mGET /fonts/glyphicons-halflings-regular.ttf [33m404[0m 0.782 ms - 177[0m
[0mGET / [32m200[0m 7.479 ms - 4672[0m
[0mGET /css/bootstrap.min.css [36m304[0m 2.830 ms - -[0m
[0mGET /css/styles.css [36m304[0m 2.883 ms - -[0m
[0mGET /js/bootstrap.min.js [36m304[0m 2.418 ms - -[0m
[0mGET /fonts/glyphicons-halflings-regular.woff [33m404[0m 1.663 ms - 178[0m
[0mGET /fonts/glyphicons-halflings-regular.ttf [33m404[0m 1.461 ms - 177[0m
[0mGET / [36m304[0m 2.203 ms - -[0m
[0mGET /css/styles.css [36m304[0m 4.680 ms - -[0m
[0mGET /js/bootstrap.min.js [36m304[0m 3.796 ms - -[0m
[0mGET /css/bootstrap.min.css [36m304[0m 10.888 ms - -[0m
[0mGET /fonts/glyphicons-halflings-regular.woff [33m404[0m 1.370 ms - 178[0m
[0mGET /fonts/glyphicons-halflings-regular.ttf [33m404[0m 1.385 ms - 177[0m
[0mGET /hotel [32m200[0m 23.270 ms - 18985[0m
[0mGET /css/bootstrap.min.css [36m304[0m 3.988 ms - -[0m
[0mGET /css/styles.css [36m304[0m 3.571 ms - -[0m
[0mGET /js/bootstrap.min.js [36m304[0m 0.601 ms - -[0m
[0mGET /fonts/glyphicons-halflings-regular.woff [33m404[0m 0.986 ms - 178[0m
[0mGET /fonts/glyphicons-halflings-regular.ttf [33m404[0m 1.233 ms - 177[0m
[0mGET /city [32m200[0m 17.962 ms - 9215[0m
[0mGET /css/bootstrap.min.css [36m304[0m 0.593 ms - -[0m
[0mGET /css/styles.css [36m304[0m 0.959 ms - -[0m
[0mGET /js/bootstrap.min.js [36m304[0m 1.076 ms - -[0m
[0mGET /fonts/glyphicons-halflings-regular.woff [33m404[0m 0.804 ms - 178[0m
[0mGET /fonts/glyphicons-halflings-regular.ttf [33m404[0m 1.360 ms - 177[0m
[0mGET /hotel [36m304[0m 29.332 ms - -[0m
[0mGET /css/bootstrap.min.css [36m304[0m 0.704 ms - -[0m
[0mGET /css/styles.css [36m304[0m 0.861 ms - -[0m
[0mGET /js/bootstrap.min.js [36m304[0m 0.680 ms - -[0m
[0mGET /fonts/glyphicons-halflings-regular.woff [33m404[0m 1.171 ms - 178[0m
[0mGET /fonts/glyphicons-halflings-regular.ttf [33m404[0m 6.685 ms - 177[0m
[0mGET /hotel/details/6360 [32m200[0m 12.818 ms - 5755[0m
[0mGET /css/bootstrap.min.css [36m304[0m 1.682 ms - -[0m
[0mGET /css/styles.css [36m304[0m 0.613 ms - -[0m
[0mGET /hotel/details/js/bootstrap.min.js [33m404[0m 1.220 ms - 172[0m
[0mGET /hotel/details/js/bootstrap.min.js [33m404[0m 1.071 ms - 172[0m
[0mGET /fonts/glyphicons-halflings-regular.woff [33m404[0m 0.799 ms - 178[0m
[0mGET /fonts/glyphicons-halflings-regular.ttf [33m404[0m 6.248 ms - 177[0m
[0mGET / [36m304[0m 3.312 ms - -[0m
[0mGET /css/bootstrap.min.css [36m304[0m 1.040 ms - -[0m
[0mGET /css/styles.css [36m304[0m 0.668 ms - -[0m
[0mGET /js/bootstrap.min.js [36m304[0m 0.889 ms - -[0m
[0mGET /fonts/glyphicons-halflings-regular.woff [33m404[0m 0.837 ms - 178[0m
[0mGET /fonts/glyphicons-halflings-regular.ttf [33m404[0m 0.977 ms - 177[0m
[0mGET /hotel [36m304[0m 15.830 ms - -[0m
[0mGET /css/bootstrap.min.css [36m304[0m 2.765 ms - -[0m
[0mGET /css/styles.css [36m304[0m 3.065 ms - -[0m
[0mGET /js/bootstrap.min.js [36m304[0m 0.861 ms - -[0m
[0mGET /fonts/glyphicons-halflings-regular.woff [33m404[0m 2.746 ms - 178[0m
[0mGET /fonts/glyphicons-halflings-regular.ttf [33m404[0m 2.273 ms - 177[0m
[0mGET /city [36m304[0m 5.968 ms - -[0m
[0mGET /css/bootstrap.min.css [36m304[0m 0.935 ms - -[0m
[0mGET /css/styles.css [36m304[0m 0.713 ms - -[0m
[0mGET /js/bootstrap.min.js [36m304[0m 0.661 ms - -[0m
[0mGET /fonts/glyphicons-halflings-regular.woff [33m404[0m 0.931 ms - 178[0m
[0mGET /fonts/glyphicons-halflings-regular.ttf [33m404[0m 1.397 ms - 177[0m
[0mGET /city [36m304[0m 32.389 ms - -[0m
[0mGET /css/bootstrap.min.css [36m304[0m 3.180 ms - -[0m
[0mGET /css/styles.css [36m304[0m 3.397 ms - -[0m
[0mGET /js/bootstrap.min.js [36m304[0m 0.583 ms - -[0m
[0mGET /fonts/glyphicons-halflings-regular.woff [33m404[0m 3.201 ms - 178[0m
[0mGET /fonts/glyphicons-halflings-regular.ttf [33m404[0m 1.449 ms - 177[0m
[0mGET / [36m304[0m 19.400 ms - -[0m
[0mGET /css/bootstrap.min.css [36m304[0m 1.605 ms - -[0m
[0mGET /css/styles.css [36m304[0m 2.809 ms - -[0m
[0mGET /js/bootstrap.min.js [36m304[0m 2.495 ms - -[0m
[0mGET /fonts/glyphicons-halflings-regular.woff [33m404[0m 5.106 ms - 178[0m
[0mGET /fonts/glyphicons-halflings-regular.ttf [33m404[0m 1.540 ms - 177[0m
[0mGET /hotel [36m304[0m 117.130 ms - -[0m
[0mGET /css/bootstrap.min.css [36m304[0m 1.600 ms - -[0m
[0mGET /css/styles.css [36m304[0m 13.158 ms - -[0m
[0mGET /js/bootstrap.min.js [36m304[0m 1.231 ms - -[0m
[0mGET /fonts/glyphicons-halflings-regular.woff [33m404[0m 9.660 ms - 178[0m
[0mGET /fonts/glyphicons-halflings-regular.ttf [33m404[0m 1.069 ms - 177[0m
[0mGET /city [36m304[0m 12.411 ms - -[0m
[0mGET /css/bootstrap.min.css [36m304[0m 0.821 ms - -[0m
[0mGET /css/styles.css [36m304[0m 0.783 ms - -[0m
[0mGET /js/bootstrap.min.js [36m304[0m 0.661 ms - -[0m
[0mGET /fonts/glyphicons-halflings-regular.woff [33m404[0m 0.851 ms - 178[0m
[0mGET /fonts/glyphicons-halflings-regular.ttf [33m404[0m 1.459 ms - 177[0m
[0mGET /hotel [36m304[0m 19.878 ms - -[0m
[0mGET /css/bootstrap.min.css [36m304[0m 4.152 ms - -[0m
[0mGET /css/styles.css [36m304[0m 14.854 ms - -[0m
[0mGET /js/bootstrap.min.js [36m304[0m 0.753 ms - -[0m
[0mGET /fonts/glyphicons-halflings-regular.woff [33m404[0m 0.976 ms - 178[0m
[0mGET /fonts/glyphicons-halflings-regular.ttf [33m404[0m 0.817 ms - 177[0m
[0mGET /hotel/details/6360 [36m304[0m 16.647 ms - -[0m
[0mGET /hotel/details/6360 [36m304[0m 18.197 ms - -[0m
[0mGET /css/bootstrap.min.css [36m304[0m 0.655 ms - -[0m
[0mGET /css/styles.css [36m304[0m 11.344 ms - -[0m
[0mGET /hotel/details/js/bootstrap.min.js [33m404[0m 1.160 ms - 172[0m
[0mGET /hotel/details/js/bootstrap.min.js [33m404[0m 0.977 ms - 172[0m
[0mGET /fonts/glyphicons-halflings-regular.woff [33m404[0m 0.836 ms - 178[0m
[0mGET /fonts/glyphicons-halflings-regular.ttf [33m404[0m 1.578 ms - 177[0m
